08:05:45  INFO  configwiki.ConfigurationWiki - Start testlogin2
08:05:45  INFO  configwiki.ConfigurationWiki - Starting 'login2' test
08:05:45  INFO  configwiki.AppiumListener - Start find element--->By.xpath: //*[@resource-id='org.wikipedia:id/explore_overflow_account_name']
08:05:45  INFO  configwiki.AppiumListener - The element was found--->By.xpath: //*[@resource-id='org.wikipedia:id/explore_overflow_account_name']
08:05:45  INFO  configwiki.AppiumListener - You have a problem with--->An element could not be located on the page using the given search parameters.
For documentation on this error, please visit: https://www.seleniumhq.org/exceptions/no_such_element.html
Build info: version: '3.141.59', revision: 'e82be7d358', time: '2018-11-14T08:17:03'
System info: host: 'desktopirina', ip: '127.0.1.1', os.name: 'Linux', os.arch: 'amd64', os.version: '5.14.0-1036-oem', java.version: '11.0.15'
Driver info: io.appium.java_client.AppiumDriver
Capabilities {app: /home/i-istomin/TelRan/wiki..., appActivities: .main.MainActivity, appPackage: org.wikipedia, automationName: Appium, databaseEnabled: false, desired: {app: /home/i-istomin/TelRan/wiki..., appActivities: .main.MainActivity, appPackage: org.wikipedia, automationName: Appium, deviceName: Nex, platformName: android, platformVersion: 8.0}, deviceApiLevel: 26, deviceManufacturer: Google, deviceModel: Android SDK built for x86, deviceName: emulator-5554, deviceScreenDensity: 480, deviceScreenSize: 1080x1920, deviceUDID: emulator-5554, javascriptEnabled: true, locationContextEnabled: false, networkConnectionEnabled: true, pixelRatio: 3, platform: LINUX, platformName: Android, platformVersion: 8.0.0, statBarHeight: 72, takesScreenshot: true, viewportRect: {height: 1704, left: 0, top: 72, width: 1080}, warnings: {}, webStorageEnabled: false}
Session ID: 2f29e0fa-b336-47c6-9e62-5eb52b936fda
*** Element info: {Using=xpath, value=//*[@resource-id='org.wikipedia:id/explore_overflow_account_name']}[Ljava.lang.StackTraceElement;@2aaf152b
08:05:46  INFO  configwiki.AppiumListener - Screen with error---> POMQA32_wiki/src/test/resources/Screen/screenshot346.png
08:05:47  INFO  configwiki.AppiumListener - Start find element--->By.xpath: //*[@resource-id='org.wikipedia:id/explore_overflow_account_name']
08:05:47  INFO  configwiki.AppiumListener - The element was found--->By.xpath: //*[@resource-id='org.wikipedia:id/explore_overflow_account_name']
08:05:47  INFO  configwiki.AppiumListener - You have a problem with--->An element could not be located on the page using the given search parameters.
For documentation on this error, please visit: https://www.seleniumhq.org/exceptions/no_such_element.html
Build info: version: '3.141.59', revision: 'e82be7d358', time: '2018-11-14T08:17:03'
System info: host: 'desktopirina', ip: '127.0.1.1', os.name: 'Linux', os.arch: 'amd64', os.version: '5.14.0-1036-oem', java.version: '11.0.15'
Driver info: io.appium.java_client.AppiumDriver
Capabilities {app: /home/i-istomin/TelRan/wiki..., appActivities: .main.MainActivity, appPackage: org.wikipedia, automationName: Appium, databaseEnabled: false, desired: {app: /home/i-istomin/TelRan/wiki..., appActivities: .main.MainActivity, appPackage: org.wikipedia, automationName: Appium, deviceName: Nex, platformName: android, platformVersion: 8.0}, deviceApiLevel: 26, deviceManufacturer: Google, deviceModel: Android SDK built for x86, deviceName: emulator-5554, deviceScreenDensity: 480, deviceScreenSize: 1080x1920, deviceUDID: emulator-5554, javascriptEnabled: true, locationContextEnabled: false, networkConnectionEnabled: true, pixelRatio: 3, platform: LINUX, platformName: Android, platformVersion: 8.0.0, statBarHeight: 72, takesScreenshot: true, viewportRect: {height: 1704, left: 0, top: 72, width: 1080}, warnings: {}, webStorageEnabled: false}
Session ID: 2f29e0fa-b336-47c6-9e62-5eb52b936fda
*** Element info: {Using=xpath, value=//*[@resource-id='org.wikipedia:id/explore_overflow_account_name']}[Ljava.lang.StackTraceElement;@49c17ba4
08:05:47  INFO  configwiki.ConfigurationWiki - Start testlogin2
08:05:47  INFO  configwiki.ConfigurationWiki - Starting 'login2' test
08:05:47  INFO  configwiki.AppiumListener - Start find element--->By.xpath: //*[@resource-id='org.wikipedia:id/explore_overflow_account_name']
08:05:47  INFO  configwiki.AppiumListener - The element was found--->By.xpath: //*[@resource-id='org.wikipedia:id/explore_overflow_account_name']
08:05:47  INFO  configwiki.AppiumListener - You have a problem with--->An unknown server-side error occurred while processing the command. Original error: Could not proxy command to remote server. Original error: Error: connect ECONNREFUSED 127.0.0.1:8200
Build info: version: '3.141.59', revision: 'e82be7d358', time: '2018-11-14T08:17:03'
System info: host: 'desktopirina', ip: '127.0.1.1', os.name: 'Linux', os.arch: 'amd64', os.version: '5.14.0-1036-oem', java.version: '11.0.15'
Driver info: io.appium.java_client.AppiumDriver
Capabilities {app: /home/i-istomin/TelRan/wiki..., appActivities: .main.MainActivity, appPackage: org.wikipedia, automationName: Appium, databaseEnabled: false, desired: {app: /home/i-istomin/TelRan/wiki..., appActivities: .main.MainActivity, appPackage: org.wikipedia, automationName: Appium, deviceName: Nex, platformName: android, platformVersion: 8.0}, deviceApiLevel: 26, deviceManufacturer: Google, deviceModel: Android SDK built for x86, deviceName: emulator-5554, deviceScreenDensity: 480, deviceScreenSize: 1080x1920, deviceUDID: emulator-5554, javascriptEnabled: true, locationContextEnabled: false, networkConnectionEnabled: true, pixelRatio: 3, platform: LINUX, platformName: Android, platformVersion: 8.0.0, statBarHeight: 72, takesScreenshot: true, viewportRect: {height: 1704, left: 0, top: 72, width: 1080}, warnings: {}, webStorageEnabled: false}
Session ID: 2f29e0fa-b336-47c6-9e62-5eb52b936fda
*** Element info: {Using=xpath, value=//*[@resource-id='org.wikipedia:id/explore_overflow_account_name']}[Ljava.lang.StackTraceElement;@2538bc06
